<?xml version="1.0" encoding="UTF-8"?>
<!-- Generated by org.testng.reporters.JUnitXMLReporter -->
<testsuite hostname="DESKTOP-QI1A0TH" ignored="0" name="br.com.rsinet.hub_tdd.testes" tests="6" failures="0" timestamp="2020-01-23T23:21:06 BRT" time="80.678" errors="0">
  <testcase name="cadastrarUsuarioNoBanco" time="7.67" classname="br.com.rsinet.hub_tdd.testes.sucessos.CadastroSucesso"/>
  <testcase name="cadastroComPreenchimentoDeDadosIncorretos" time="6.992" classname="br.com.rsinet.hub_tdd.testes.falhas.CadastroErrado"/>
  <testcase name="consultaProdutoPorBarraDePesquisa" time="4.3" classname="br.com.rsinet.hub_tdd.testes.sucessos.ConsultaPorBarraDePesquisaSucesso"/>
  <testcase name="consultaPorBarraDePesquisaComProdutoInexistenteNoBanco" time="2.468" classname="br.com.rsinet.hub_tdd.testes.falhas.ConsultaPorBarraDePesquisaErrado"/>
  <testcase name="consultaProdutoPorCategoriaEEfetuaCompra" time="13.439" classname="br.com.rsinet.hub_tdd.testes.sucessos.ConsultaPorCategoriaSucesso"/>
  <testcase name="consultaPorCategoriaComQuantidadeAcimaDoPermitidoNoCarrinho" time="8.134" classname="br.com.rsinet.hub_tdd.testes.falhas.ConsultaPorCategoriaErrado"/>
</testsuite> <!-- br.com.rsinet.hub_tdd.testes -->
