<?xml version="1.0" encoding="UTF-8"?>
<!-- Generated by org.testng.reporters.JUnitXMLReporter -->
<testsuite hostname="RSI1507" ignored="0" name="br.com.rsinet.hub_tdd.testes" tests="6" failures="0" timestamp="2020-01-24T10:59:13 BRT" time="98.584" errors="0">
  <testcase name="cadastrarUsuarioNoBanco" time="5.74" classname="br.com.rsinet.hub_tdd.testes.sucessos.CadastroSucesso"/>
  <testcase name="cadastroComPreenchimentoDeDadosIncorretos" time="5.349" classname="br.com.rsinet.hub_tdd.testes.falhas.CadastroErrado"/>
  <testcase name="consultaProdutoPorBarraDePesquisa" time="3.62" classname="br.com.rsinet.hub_tdd.testes.sucessos.ConsultaPorBarraDePesquisaSucesso"/>
  <testcase name="consultaPorBarraDePesquisaComProdutoInexistenteNoBanco" time="1.957" classname="br.com.rsinet.hub_tdd.testes.falhas.ConsultaPorBarraDePesquisaErrado"/>
  <testcase name="consultaProdutoPorCategoriaEEfetuaCompra" time="10.734" classname="br.com.rsinet.hub_tdd.testes.sucessos.ConsultaPorCategoriaSucesso"/>
  <testcase name="consultaPorCategoriaComQuantidadeAcimaDoPermitidoNoCarrinho" time="5.803" classname="br.com.rsinet.hub_tdd.testes.falhas.ConsultaPorCategoriaErrado"/>
</testsuite> <!-- br.com.rsinet.hub_tdd.testes -->
