<?xml version="1.0" encoding="UTF-8"?>
<!-- Generated by org.testng.reporters.JUnitXMLReporter -->
<testsuite hostname="DESKTOP-QI1A0TH" ignored="0" name="ConsultaPorBarraDePesquisaErrado" tests="1" failures="0" timestamp="2020-03-01T18:46:12 BRT" time="0.016" errors="0">
  <testcase name="consultaPorBarraDePesquisaComProdutoInexistenteNoBanco" time="0.0" classname="br.com.rsinet.hub_tdd.testes.falhas.ConsultaPorBarraDePesquisaErrado">
    <skipped/>
  </testcase> <!-- consultaPorBarraDePesquisaComProdutoInexistenteNoBanco -->
</testsuite> <!-- ConsultaPorBarraDePesquisaErrado -->
