<?xml version="1.0" encoding="UTF-8"?>
<testng-results skipped="0" failed="0" ignored="0" total="1" passed="1">
  <reporter-output>
  </reporter-output>
  <suite name="Default suite" duration-ms="14366" started-at="2020-01-23T23:01:54 BRT" finished-at="2020-01-23T23:02:08 BRT">
    <groups>
    </groups>
    <test name="Default test" duration-ms="14366" started-at="2020-01-23T23:01:54 BRT" finished-at="2020-01-23T23:02:08 BRT">
      <class name="br.com.rsinet.hub_tdd.testes.sucessos.CadastroSucesso">
        <test-method status="PASS" signature="inicio()[pri:0, instance:br.com.rsinet.hub_tdd.testes.sucessos.CadastroSucesso@f951a7f]" name="inicio" is-config="true" duration-ms="6442" started-at="2020-01-23T23:01:54 BRT" finished-at="2020-01-23T23:02:00 BRT">
          <reporter-output>
          </reporter-output>
        </test-method> <!-- inicio -->
        <test-method status="PASS" signature="cadastrarUsuarioNoBanco()[pri:0, instance:br.com.rsinet.hub_tdd.testes.sucessos.CadastroSucesso@f951a7f]" name="cadastrarUsuarioNoBanco" duration-ms="6044" started-at="2020-01-23T23:02:00 BRT" finished-at="2020-01-23T23:02:06 BRT">
          <reporter-output>
          </reporter-output>
        </test-method> <!-- cadastrarUsuarioNoBanco -->
        <test-method status="PASS" signature="fim()[pri:0, instance:br.com.rsinet.hub_tdd.testes.sucessos.CadastroSucesso@f951a7f]" name="fim" is-config="true" duration-ms="1810" started-at="2020-01-23T23:02:06 BRT" finished-at="2020-01-23T23:02:08 BRT">
          <reporter-output>
          </reporter-output>
        </test-method> <!-- fim -->
      </class> <!-- br.com.rsinet.hub_tdd.testes.sucessos.CadastroSucesso -->
    </test> <!-- Default test -->
  </suite> <!-- Default suite -->
</testng-results>
